# JRE version: OpenJDK Runtime Environment Temurin-21.0.8+9 (21.0.8+9) (build 21.0.8+9-LTS)
# Java VM: OpenJDK 64-Bit Server VM Temurin-21.0.8+9 (21.0.8+9-LTS, mixed mode, sharing, tiered, compressed oops, compressed class ptrs, parallel gc, windows-amd64)
GC Precious Log:
 CardTable entry size: 512
 CPUs: 12 total, 12 available
 Memory: 16108M
 Large Page Support: Disabled
 NUMA Support: Disabled
 Compressed Oops: Enabled (32-bit)
 Alignments: Space 512K, Generation 512K, Heap 2M
 Heap Min Capacity: 100M
 Heap Initial Capacity: 100M
 Heap Max Capacity: 2G
 Pre-touch: Disabled
 Parallel Workers: 10
Heap:
 PSYoungGen      total 5120K, used 4503K [0x00000000d5580000, 0x00000000d5e80000, 0x0000000100000000)
  eden space 4608K, 87% used [0x00000000d5580000,0x00000000d5971c90,0x00000000d5a00000)
  from space 512K, 90% used [0x00000000d5e00000,0x00000000d5e74010,0x00000000d5e80000)
  to   space 1024K, 0% used [0x00000000d5c80000,0x00000000d5c80000,0x00000000d5d80000)
 ParOldGen       total 808960K, used 246410K [0x0000000080000000, 0x00000000b1600000, 0x00000000d5580000)
  object space 808960K, 30% used [0x0000000080000000,0x000000008f0a2b00,0x00000000b1600000)
 Metaspace       used 85272K, committed 86912K, reserved 1179648K
  class space    used 8605K, committed 9408K, reserved 1048576K
GC Heap History (20 events):
Event: 1258.211 GC heap before
{Heap before GC invocations=2542 (full 5):
 PSYoungGen      total 6656K, used 6240K [0x00000000d5580000, 0x00000000d5d00000, 0x0000000100000000)
  eden space 5632K, 100% used [0x00000000d5580000,0x00000000d5b00000,0x00000000d5b00000)
  from space 1024K, 59% used [0x00000000d5c00000,0x00000000d5c98000,0x00000000d5d00000)
  to   space 1024K, 0% used [0x00000000d5b00000,0x00000000d5b00000,0x00000000d5c00000)
 ParOldGen       total 808960K, used 233813K [0x0000000080000000, 0x00000000b1600000, 0x00000000d5580000)
  object space 808960K, 28% used [0x0000000080000000,0x000000008e455468,0x00000000b1600000)
 Metaspace       used 85249K, committed 86912K, reserved 1179648K
  class space    used 8605K, committed 9408K, reserved 1048576K
}
Event: 1258.213 GC heap after
{Heap after GC invocations=2542 (full 5):
 PSYoungGen      total 6656K, used 400K [0x00000000d5580000, 0x00000000d5c80000, 0x0000000100000000)
  eden space 5632K, 0% used [0x00000000d5580000,0x00000000d5580000,0x00000000d5b00000)
  from space 1024K, 39% used [0x00000000d5b00000,0x00000000d5b64010,0x00000000d5c00000)
  to   space 512K, 0% used [0x00000000d5c00000,0x00000000d5c00000,0x00000000d5c80000)
 ParOldGen       total 808960K, used 234234K [0x0000000080000000, 0x00000000b1600000, 0x00000000d5580000)
  object space 808960K, 28% used [0x0000000080000000,0x000000008e4be8f8,0x00000000b1600000)
 Metaspace       used 85249K, committed 86912K, reserved 1179648K
  class space    used 8605K, committed 9408K, reserved 1048576K
}
Event: 1258.516 GC heap before
{Heap before GC invocations=2543 (full 5):
 PSYoungGen      total 6656K, used 6032K [0x00000000d5580000, 0x00000000d5c80000, 0x0000000100000000)
  eden space 5632K, 100% used [0x00000000d5580000,0x00000000d5b00000,0x00000000d5b00000)
  from space 1024K, 39% used [0x00000000d5b00000,0x00000000d5b64010,0x00000000d5c00000)
  to   space 512K, 0% used [0x00000000d5c00000,0x00000000d5c00000,0x00000000d5c80000)
 ParOldGen       total 808960K, used 234234K [0x0000000080000000, 0x00000000b1600000, 0x00000000d5580000)
  object space 808960K, 28% used [0x0000000080000000,0x000000008e4be8f8,0x00000000b1600000)
 Metaspace       used 85249K, committed 86912K, reserved 1179648K
  class space    used 8605K, committed 9408K, reserved 1048576K
}
Event: 1258.517 GC heap after
{Heap after GC invocations=2543 (full 5):
 PSYoungGen      total 6144K, used 288K [0x00000000d5580000, 0x00000000d5c80000, 0x0000000100000000)
  eden space 5632K, 0% used [0x00000000d5580000,0x00000000d5580000,0x00000000d5b00000)
  from space 512K, 56% used [0x00000000d5c00000,0x00000000d5c48000,0x00000000d5c80000)
  to   space 512K, 0% used [0x00000000d5b80000,0x00000000d5b80000,0x00000000d5c00000)
 ParOldGen       total 808960K, used 234330K [0x0000000080000000, 0x00000000b1600000, 0x00000000d5580000)
  object space 808960K, 28% used [0x0000000080000000,0x000000008e4d68f8,0x00000000b1600000)
 Metaspace       used 85249K, committed 86912K, reserved 1179648K
  class space    used 8605K, committed 9408K, reserved 1048576K
}
Event: 1258.878 GC heap before
{Heap before GC invocations=2544 (full 5):
 PSYoungGen      total 6144K, used 5920K [0x00000000d5580000, 0x00000000d5c80000, 0x0000000100000000)
  eden space 5632K, 100% used [0x00000000d5580000,0x00000000d5b00000,0x00000000d5b00000)
  from space 512K, 56% used [0x00000000d5c00000,0x00000000d5c48000,0x00000000d5c80000)
  to   space 512K, 0% used [0x00000000d5b80000,0x00000000d5b80000,0x00000000d5c00000)
 ParOldGen       total 808960K, used 234330K [0x0000000080000000, 0x00000000b1600000, 0x00000000d5580000)
  object space 808960K, 28% used [0x0000000080000000,0x000000008e4d68f8,0x00000000b1600000)
 Metaspace       used 85249K, committed 86912K, reserved 1179648K
  class space    used 8605K, committed 9408K, reserved 1048576K
}
Event: 1258.880 GC heap after
{Heap after GC invocations=2544 (full 5):
 PSYoungGen      total 6144K, used 256K [0x00000000d5580000, 0x00000000d5c80000, 0x0000000100000000)
  eden space 5632K, 0% used [0x00000000d5580000,0x00000000d5580000,0x00000000d5b00000)
  from space 512K, 50% used [0x00000000d5b80000,0x00000000d5bc0000,0x00000000d5c00000)
  to   space 512K, 0% used [0x00000000d5c00000,0x00000000d5c00000,0x00000000d5c80000)
 ParOldGen       total 808960K, used 234346K [0x0000000080000000, 0x00000000b1600000, 0x00000000d5580000)
  object space 808960K, 28% used [0x0000000080000000,0x000000008e4da8f8,0x00000000b1600000)
 Metaspace       used 85249K, committed 86912K, reserved 1179648K
  class space    used 8605K, committed 9408K, reserved 1048576K
}
Event: 1259.168 GC heap before
{Heap before GC invocations=2545 (full 5):
 PSYoungGen      total 6144K, used 5888K [0x00000000d5580000, 0x00000000d5c80000, 0x0000000100000000)
  eden space 5632K, 100% used [0x00000000d5580000,0x00000000d5b00000,0x00000000d5b00000)
  from space 512K, 50% used [0x00000000d5b80000,0x00000000d5bc0000,0x00000000d5c00000)
  to   space 512K, 0% used [0x00000000d5c00000,0x00000000d5c00000,0x00000000d5c80000)
 ParOldGen       total 808960K, used 234346K [0x0000000080000000, 0x00000000b1600000, 0x00000000d5580000)
  object space 808960K, 28% used [0x0000000080000000,0x000000008e4da8f8,0x00000000b1600000)
 Metaspace       used 85249K, committed 86912K, reserved 1179648K
  class space    used 8605K, committed 9408K, reserved 1048576K
}
Event: 1259.169 GC heap after
{Heap after GC invocations=2545 (full 5):
 PSYoungGen      total 6144K, used 496K [0x00000000d5580000, 0x00000000d5d00000, 0x0000000100000000)
  eden space 5632K, 0% used [0x00000000d5580000,0x00000000d5580000,0x00000000d5b00000)
  from space 512K, 96% used [0x00000000d5c00000,0x00000000d5c7c010,0x00000000d5c80000)
  to   space 1024K, 0% used [0x00000000d5b00000,0x00000000d5b00000,0x00000000d5c00000)
 ParOldGen       total 808960K, used 234432K [0x0000000080000000, 0x00000000b1600000, 0x00000000d5580000)
  object space 808960K, 28% used [0x0000000080000000,0x000000008e4f0348,0x00000000b1600000)
 Metaspace       used 85249K, committed 86912K, reserved 1179648K
  class space    used 8605K, committed 9408K, reserved 1048576K
}
Event: 1259.449 GC heap before
{Heap before GC invocations=2546 (full 5):
 PSYoungGen      total 6144K, used 6128K [0x00000000d5580000, 0x00000000d5d00000, 0x0000000100000000)
  eden space 5632K, 100% used [0x00000000d5580000,0x00000000d5b00000,0x00000000d5b00000)
  from space 512K, 96% used [0x00000000d5c00000,0x00000000d5c7c010,0x00000000d5c80000)
  to   space 1024K, 0% used [0x00000000d5b00000,0x00000000d5b00000,0x00000000d5c00000)
 ParOldGen       total 808960K, used 234432K [0x0000000080000000, 0x00000000b1600000, 0x00000000d5580000)
  object space 808960K, 28% used [0x0000000080000000,0x000000008e4f0348,0x00000000b1600000)
 Metaspace       used 85249K, committed 86912K, reserved 1179648K
  class space    used 8605K, committed 9408K, reserved 1048576K
}
Event: 1259.450 GC heap after
{Heap after GC invocations=2546 (full 5):
 PSYoungGen      total 6656K, used 320K [0x00000000d5580000, 0x00000000d5c80000, 0x0000000100000000)
  eden space 5632K, 0% used [0x00000000d5580000,0x00000000d5580000,0x00000000d5b00000)
  from space 1024K, 31% used [0x00000000d5b00000,0x00000000d5b50000,0x00000000d5c00000)
  to   space 512K, 0% used [0x00000000d5c00000,0x00000000d5c00000,0x00000000d5c80000)
 ParOldGen       total 808960K, used 234848K [0x0000000080000000, 0x00000000b1600000, 0x00000000d5580000)
  object space 808960K, 29% used [0x0000000080000000,0x000000008e558348,0x00000000b1600000)
 Metaspace       used 85249K, committed 86912K, reserved 1179648K
  class space    used 8605K, committed 9408K, reserved 1048576K
}
Event: 1259.634 GC heap before
{Heap before GC invocations=2547 (full 5):
 PSYoungGen      total 6656K, used 5952K [0x00000000d5580000, 0x00000000d5c80000, 0x0000000100000000)
  eden space 5632K, 100% used [0x00000000d5580000,0x00000000d5b00000,0x00000000d5b00000)
  from space 1024K, 31% used [0x00000000d5b00000,0x00000000d5b50000,0x00000000d5c00000)
  to   space 512K, 0% used [0x00000000d5c00000,0x00000000d5c00000,0x00000000d5c80000)
 ParOldGen       total 808960K, used 234848K [0x0000000080000000, 0x00000000b1600000, 0x00000000d5580000)
  object space 808960K, 29% used [0x0000000080000000,0x000000008e558348,0x00000000b1600000)
 Metaspace       used 85262K, committed 86912K, reserved 1179648K
  class space    used 8605K, committed 9408K, reserved 1048576K
}
Event: 1259.636 GC heap after
{Heap after GC invocations=2547 (full 5):
 PSYoungGen      total 5120K, used 499K [0x00000000d5580000, 0x00000000d5f00000, 0x0000000100000000)
  eden space 4608K, 0% used [0x00000000d5580000,0x00000000d5580000,0x00000000d5a00000)
  from space 512K, 97% used [0x00000000d5c00000,0x00000000d5c7cde8,0x00000000d5c80000)
  to   space 2048K, 0% used [0x00000000d5a00000,0x00000000d5a00000,0x00000000d5c00000)
 ParOldGen       total 808960K, used 235809K [0x0000000080000000, 0x00000000b1600000, 0x00000000d5580000)
  object space 808960K, 29% used [0x0000000080000000,0x000000008e6485c0,0x00000000b1600000)
 Metaspace       used 85262K, committed 86912K, reserved 1179648K
  class space    used 8605K, committed 9408K, reserved 1048576K
}
Event: 1259.644 GC heap before
{Heap before GC invocations=2548 (full 5):
 PSYoungGen      total 5120K, used 5099K [0x00000000d5580000, 0x00000000d5f00000, 0x0000000100000000)
  eden space 4608K, 99% used [0x00000000d5580000,0x00000000d59fde40,0x00000000d5a00000)
  from space 512K, 97% used [0x00000000d5c00000,0x00000000d5c7cde8,0x00000000d5c80000)
  to   space 2048K, 0% used [0x00000000d5a00000,0x00000000d5a00000,0x00000000d5c00000)
 ParOldGen       total 808960K, used 235809K [0x0000000080000000, 0x00000000b1600000, 0x00000000d5580000)
  object space 808960K, 29% used [0x0000000080000000,0x000000008e6485c0,0x00000000b1600000)
 Metaspace       used 85262K, committed 86912K, reserved 1179648K
  class space    used 8605K, committed 9408K, reserved 1048576K
}
Event: 1259.646 GC heap after
{Heap after GC invocations=2548 (full 5):
 PSYoungGen      total 6656K, used 2032K [0x00000000d5580000, 0x00000000d6600000, 0x0000000100000000)
  eden space 4608K, 0% used [0x00000000d5580000,0x00000000d5580000,0x00000000d5a00000)
  from space 2048K, 99% used [0x00000000d5a00000,0x00000000d5bfc200,0x00000000d5c00000)
  to   space 6144K, 0% used [0x00000000d6000000,0x00000000d6000000,0x00000000d6600000)
 ParOldGen       total 808960K, used 238944K [0x0000000080000000, 0x00000000b1600000, 0x00000000d5580000)
  object space 808960K, 29% used [0x0000000080000000,0x000000008e9581a0,0x00000000b1600000)
 Metaspace       used 85262K, committed 86912K, reserved 1179648K
  class space    used 8605K, committed 9408K, reserved 1048576K
}
Event: 1259.668 GC heap before
{Heap before GC invocations=2549 (full 5):
 PSYoungGen      total 6656K, used 6640K [0x00000000d5580000, 0x00000000d6600000, 0x0000000100000000)
  eden space 4608K, 100% used [0x00000000d5580000,0x00000000d5a00000,0x00000000d5a00000)
  from space 2048K, 99% used [0x00000000d5a00000,0x00000000d5bfc200,0x00000000d5c00000)
  to   space 6144K, 0% used [0x00000000d6000000,0x00000000d6000000,0x00000000d6600000)
 ParOldGen       total 808960K, used 238944K [0x0000000080000000, 0x00000000b1600000, 0x00000000d5580000)
  object space 808960K, 29% used [0x0000000080000000,0x000000008e9581a0,0x00000000b1600000)
 Metaspace       used 85262K, committed 86912K, reserved 1179648K
  class space    used 8605K, committed 9408K, reserved 1048576K
}
Event: 1259.670 GC heap after
{Heap after GC invocations=2549 (full 5):
 PSYoungGen      total 9216K, used 4234K [0x00000000d5580000, 0x00000000d6480000, 0x0000000100000000)
  eden space 4608K, 0% used [0x00000000d5580000,0x00000000d5580000,0x00000000d5a00000)
  from space 4608K, 91% used [0x00000000d6000000,0x00000000d6422940,0x00000000d6480000)
  to   space 4608K, 0% used [0x00000000d5b80000,0x00000000d5b80000,0x00000000d6000000)
 ParOldGen       total 808960K, used 240936K [0x0000000080000000, 0x00000000b1600000, 0x00000000d5580000)
  object space 808960K, 29% used [0x0000000080000000,0x000000008eb4a1a0,0x00000000b1600000)
 Metaspace       used 85262K, committed 86912K, reserved 1179648K
  class space    used 8605K, committed 9408K, reserved 1048576K
}
Event: 1259.819 GC heap before
{Heap before GC invocations=2550 (full 5):
 PSYoungGen      total 9216K, used 8842K [0x00000000d5580000, 0x00000000d6480000, 0x0000000100000000)
  eden space 4608K, 100% used [0x00000000d5580000,0x00000000d5a00000,0x00000000d5a00000)
  from space 4608K, 91% used [0x00000000d6000000,0x00000000d6422940,0x00000000d6480000)
  to   space 4608K, 0% used [0x00000000d5b80000,0x00000000d5b80000,0x00000000d6000000)
 ParOldGen       total 808960K, used 240936K [0x0000000080000000, 0x00000000b1600000, 0x00000000d5580000)
  object space 808960K, 29% used [0x0000000080000000,0x000000008eb4a1a0,0x00000000b1600000)
 Metaspace       used 85265K, committed 86912K, reserved 1179648K
  class space    used 8605K, committed 9408K, reserved 1048576K
}
Event: 1259.826 GC heap after
{Heap after GC invocations=2550 (full 5):
 PSYoungGen      total 6144K, used 1424K [0x00000000d5580000, 0x00000000d6080000, 0x0000000100000000)
  eden space 4608K, 0% used [0x00000000d5580000,0x00000000d5580000,0x00000000d5a00000)
  from space 1536K, 92% used [0x00000000d5b80000,0x00000000d5ce4020,0x00000000d5d00000)
  to   space 2560K, 0% used [0x00000000d5e00000,0x00000000d5e00000,0x00000000d6080000)
 ParOldGen       total 808960K, used 245090K [0x0000000080000000, 0x00000000b1600000, 0x00000000d5580000)
  object space 808960K, 30% used [0x0000000080000000,0x000000008ef58ae0,0x00000000b1600000)
 Metaspace       used 85265K, committed 86912K, reserved 1179648K
  class space    used 8605K, committed 9408K, reserved 1048576K
}
Event: 1260.000 GC heap before
{Heap before GC invocations=2551 (full 5):
 PSYoungGen      total 6144K, used 6032K [0x00000000d5580000, 0x00000000d6080000, 0x0000000100000000)
  eden space 4608K, 99% used [0x00000000d5580000,0x00000000d59ffff0,0x00000000d5a00000)
  from space 1536K, 92% used [0x00000000d5b80000,0x00000000d5ce4020,0x00000000d5d00000)
  to   space 2560K, 0% used [0x00000000d5e00000,0x00000000d5e00000,0x00000000d6080000)
 ParOldGen       total 808960K, used 245090K [0x0000000080000000, 0x00000000b1600000, 0x00000000d5580000)
  object space 808960K, 30% used [0x0000000080000000,0x000000008ef58ae0,0x00000000b1600000)
 Metaspace       used 85272K, committed 86912K, reserved 1179648K
  class space    used 8605K, committed 9408K, reserved 1048576K
}
Event: 1260.001 GC heap after
{Heap after GC invocations=2551 (full 5):
 PSYoungGen      total 5120K, used 464K [0x00000000d5580000, 0x00000000d5e80000, 0x0000000100000000)
  eden space 4608K, 0% used [0x00000000d5580000,0x00000000d5580000,0x00000000d5a00000)
  from space 512K, 90% used [0x00000000d5e00000,0x00000000d5e74010,0x00000000d5e80000)
  to   space 1024K, 0% used [0x00000000d5c80000,0x00000000d5c80000,0x00000000d5d80000)
 ParOldGen       total 808960K, used 246410K [0x0000000080000000, 0x00000000b1600000, 0x00000000d5580000)
  object space 808960K, 30% used [0x0000000080000000,0x000000008f0a2b00,0x00000000b1600000)
 Metaspace       used 85272K, committed 86912K, reserved 1179648K
  class space    used 8605K, committed 9408K, reserved 1048576K
}

